# JRE version: Java(TM) SE Runtime Environment (8.0_181-b13) (build 1.8.0_181-b13)
# Java VM: Java HotSpot(TM) 64-Bit Server VM (25.181-b13 mixed mode windows-amd64 compressed oops)
Heap:
 PSYoungGen      total 77824K, used 13652K [0x00000000d5d80000, 0x00000000df680000, 0x0000000100000000)
  eden space 66560K, 4% used [0x00000000d5d80000,0x00000000d60bbc18,0x00000000d9e80000)
  from space 11264K, 91% used [0x00000000d9e80000,0x00000000da899468,0x00000000da980000)
  to   space 11776K, 0% used [0x00000000deb00000,0x00000000deb00000,0x00000000df680000)
 ParOldGen       total 87552K, used 14661K [0x0000000081800000, 0x0000000086d80000, 0x00000000d5d80000)
  object space 87552K, 16% used [0x0000000081800000,0x0000000082651578,0x0000000086d80000)
 Metaspace       used 18194K, capacity 18686K, committed 18944K, reserved 1067008K
  class space    used 2095K, capacity 2225K, committed 2304K, reserved 1048576K
GC Heap History (10 events):
Event: 3.749 GC heap before
{Heap before GC invocations=3 (full 0):
 PSYoungGen      total 38400K, used 38385K [0x00000000d5d80000, 0x00000000d8800000, 0x0000000100000000)
  eden space 33280K, 100% used [0x00000000d5d80000,0x00000000d7e00000,0x00000000d7e00000)
  from space 5120K, 99% used [0x00000000d8300000,0x00000000d87fc4e8,0x00000000d8800000)
  to   space 5120K, 0% used [0x00000000d7e00000,0x00000000d7e00000,0x00000000d8300000)
 ParOldGen       total 87552K, used 1599K [0x0000000081800000, 0x0000000086d80000, 0x00000000d5d80000)
  object space 87552K, 1% used [0x0000000081800000,0x000000008198fc68,0x0000000086d80000)
 Metaspace       used 15356K, capacity 15672K, committed 15872K, reserved 1062912K
  class space    used 1886K, capacity 1974K, committed 2048K, reserved 1048576K
Event: 3.761 GC heap after
Heap after GC invocations=3 (full 0):
 PSYoungGen      total 38400K, used 5112K [0x00000000d5d80000, 0x00000000d8800000, 0x0000000100000000)
  eden space 33280K, 0% used [0x00000000d5d80000,0x00000000d5d80000,0x00000000d7e00000)
  from space 5120K, 99% used [0x00000000d7e00000,0x00000000d82fe050,0x00000000d8300000)
  to   space 5120K, 0% used [0x00000000d8300000,0x00000000d8300000,0x00000000d8800000)
 ParOldGen       total 87552K, used 4731K [0x0000000081800000, 0x0000000086d80000, 0x00000000d5d80000)
  object space 87552K, 5% used [0x0000000081800000,0x0000000081c9ecc8,0x0000000086d80000)
 Metaspace       used 15356K, capacity 15672K, committed 15872K, reserved 1062912K
  class space    used 1886K, capacity 1974K, committed 2048K, reserved 1048576K
}
Event: 4.489 GC heap before
{Heap before GC invocations=4 (full 0):
 PSYoungGen      total 38400K, used 38392K [0x00000000d5d80000, 0x00000000d8800000, 0x0000000100000000)
  eden space 33280K, 100% used [0x00000000d5d80000,0x00000000d7e00000,0x00000000d7e00000)
  from space 5120K, 99% used [0x00000000d7e00000,0x00000000d82fe050,0x00000000d8300000)
  to   space 5120K, 0% used [0x00000000d8300000,0x00000000d8300000,0x00000000d8800000)
 ParOldGen       total 87552K, used 4731K [0x0000000081800000, 0x0000000086d80000, 0x00000000d5d80000)
  object space 87552K, 5% used [0x0000000081800000,0x0000000081c9ecc8,0x0000000086d80000)
 Metaspace       used 15663K, capacity 16004K, committed 16384K, reserved 1062912K
  class space    used 1897K, capacity 1976K, committed 2048K, reserved 1048576K
Event: 4.503 GC heap after
Heap after GC invocations=4 (full 0):
 PSYoungGen      total 38400K, used 5096K [0x00000000d5d80000, 0x00000000da880000, 0x0000000100000000)
  eden space 33280K, 0% used [0x00000000d5d80000,0x00000000d5d80000,0x00000000d7e00000)
  from space 5120K, 99% used [0x00000000d8300000,0x00000000d87fa020,0x00000000d8800000)
  to   space 5120K, 0% used [0x00000000d7e00000,0x00000000d7e00000,0x00000000d8300000)
 ParOldGen       total 87552K, used 8801K [0x0000000081800000, 0x0000000086d80000, 0x00000000d5d80000)
  object space 87552K, 10% used [0x0000000081800000,0x00000000820984f8,0x0000000086d80000)
 Metaspace       used 15663K, capacity 16004K, committed 16384K, reserved 1062912K
  class space    used 1897K, capacity 1976K, committed 2048K, reserved 1048576K
}
Event: 5.188 GC heap before
{Heap before GC invocations=5 (full 0):
 PSYoungGen      total 38400K, used 38376K [0x00000000d5d80000, 0x00000000da880000, 0x0000000100000000)
  eden space 33280K, 100% used [0x00000000d5d80000,0x00000000d7e00000,0x00000000d7e00000)
  from space 5120K, 99% used [0x00000000d8300000,0x00000000d87fa020,0x00000000d8800000)
  to   space 5120K, 0% used [0x00000000d7e00000,0x00000000d7e00000,0x00000000d8300000)
 ParOldGen       total 87552K, used 8801K [0x0000000081800000, 0x0000000086d80000, 0x00000000d5d80000)
  object space 87552K, 10% used [0x0000000081800000,0x00000000820984f8,0x0000000086d80000)
 Metaspace       used 16022K, capacity 16362K, committed 16640K, reserved 1064960K
  class space    used 1918K, capacity 2009K, committed 2048K, reserved 1048576K
Event: 5.201 GC heap after
Heap after GC invocations=5 (full 0):
 PSYoungGen      total 38400K, used 5112K [0x00000000d5d80000, 0x00000000db580000, 0x0000000100000000)
  eden space 33280K, 0% used [0x00000000d5d80000,0x00000000d5d80000,0x00000000d7e00000)
  from space 5120K, 99% used [0x00000000d7e00000,0x00000000d82fe030,0x00000000d8300000)
  to   space 11776K, 0% used [0x00000000daa00000,0x00000000daa00000,0x00000000db580000)
 ParOldGen       total 87552K, used 13405K [0x0000000081800000, 0x0000000086d80000, 0x00000000d5d80000)
  object space 87552K, 15% used [0x0000000081800000,0x0000000082517508,0x0000000086d80000)
 Metaspace       used 16022K, capacity 16362K, committed 16640K, reserved 1064960K
  class space    used 1918K, capacity 2009K, committed 2048K, reserved 1048576K
}
Event: 6.382 GC heap before
{Heap before GC invocations=6 (full 0):
 PSYoungGen      total 38400K, used 38392K [0x00000000d5d80000, 0x00000000db580000, 0x0000000100000000)
  eden space 33280K, 100% used [0x00000000d5d80000,0x00000000d7e00000,0x00000000d7e00000)
  from space 5120K, 99% used [0x00000000d7e00000,0x00000000d82fe030,0x00000000d8300000)
  to   space 11776K, 0% used [0x00000000daa00000,0x00000000daa00000,0x00000000db580000)
 ParOldGen       total 87552K, used 13405K [0x0000000081800000, 0x0000000086d80000, 0x00000000d5d80000)
  object space 87552K, 15% used [0x0000000081800000,0x0000000082517508,0x0000000086d80000)
 Metaspace       used 16329K, capacity 16648K, committed 16896K, reserved 1064960K
  class space    used 1934K, capacity 2014K, committed 2048K, reserved 1048576K
Event: 6.396 GC heap after
Heap after GC invocations=6 (full 0):
 PSYoungGen      total 77312K, used 7551K [0x00000000d5d80000, 0x00000000db480000, 0x0000000100000000)
  eden space 66560K, 0% used [0x00000000d5d80000,0x00000000d5d80000,0x00000000d9e80000)
  from space 10752K, 70% used [0x00000000daa00000,0x00000000db15ffa8,0x00000000db480000)
  to   space 11264K, 0% used [0x00000000d9e80000,0x00000000d9e80000,0x00000000da980000)
 ParOldGen       total 87552K, used 13413K [0x0000000081800000, 0x0000000086d80000, 0x00000000d5d80000)
  object space 87552K, 15% used [0x0000000081800000,0x0000000082519508,0x0000000086d80000)
 Metaspace       used 16329K, capacity 16648K, committed 16896K, reserved 1064960K
  class space    used 1934K, capacity 2014K, committed 2048K, reserved 1048576K
}
Event: 10.222 GC heap before
{Heap before GC invocations=7 (full 0):
 PSYoungGen      total 77312K, used 74111K [0x00000000d5d80000, 0x00000000db480000, 0x0000000100000000)
  eden space 66560K, 100% used [0x00000000d5d80000,0x00000000d9e80000,0x00000000d9e80000)
  from space 10752K, 70% used [0x00000000daa00000,0x00000000db15ffa8,0x00000000db480000)
  to   space 11264K, 0% used [0x00000000d9e80000,0x00000000d9e80000,0x00000000da980000)
 ParOldGen       total 87552K, used 13413K [0x0000000081800000, 0x0000000086d80000, 0x00000000d5d80000)
  object space 87552K, 15% used [0x0000000081800000,0x0000000082519508,0x0000000086d80000)
 Metaspace       used 18185K, capacity 18686K, committed 18944K, reserved 1067008K
  class space    used 2094K, capacity 2225K, committed 2304K, reserved 1048576K
Event: 10.287 GC heap after
Heap after GC invocations=7 (full 0):
 PSYoungGen      total 77824K, used 10341K [0x00000000d5d80000, 0x00000000df680000, 0x0000000100000000)
  eden space 66560K, 0% used [0x00000000d5d80000,0x00000000d5d80000,0x00000000d9e80000)
  from space 11264K, 91% used [0x00000000d9e80000,0x00000000da899468,0x00000000da980000)
  to   space 11776K, 0% used [0x00000000deb00000,0x00000000deb00000,0x00000000df680000)
 ParOldGen       total 87552K, used 14661K [0x0000000081800000, 0x0000000086d80000, 0x00000000d5d80000)
  object space 87552K, 16% used [0x0000000081800000,0x0000000082651578,0x0000000086d80000)
 Metaspace       used 18185K, capacity 18686K, committed 18944K, reserved 1067008K
  class space    used 2094K, capacity 2225K, committed 2304K, reserved 1048576K
}

