-------------------------------------------------------------------------------
Test set: com.tcy.smartai.service.dao.UserTest
-------------------------------------------------------------------------------
Tests run: 1, Failures: 0, Errors: 1, Skipped: 0, Time elapsed: 1.031 s <<< FAILURE! - in com.tcy.smartai.service.dao.UserTest
com.tcy.smartai.service.dao.UserTest  Time elapsed: 1.031 s  <<< ERROR!
java.lang.IllegalStateException: Unable to find a @SpringBootConfiguration, you need to use @ContextConfiguration or @SpringBootTest(classes=...) with your test

