<?xml version="1.0" encoding="UTF-8"?>
<testsuite xmlns:xsi="http://www.w3.org/2001/XMLSchema-instance" xsi:noNamespaceSchemaLocation="https://maven.apache.org/surefire/maven-surefire-plugin/xsd/surefire-test-report.xsd" name="com.tcy.smartai.service.dao.UserTest" time="1.031" tests="1" errors="1" skipped="0" failures="0">
  <properties>
[...]
</properties>
  <testcase name="com.tcy.smartai.service.dao.UserTest" classname="com.tcy.smartai.service.dao.UserTest" time="1.031">
    <error message="Unable to find a @SpringBootConfiguration, you need to use @ContextConfiguration or @SpringBootTest(classes=...) with your test" type="java.lang.IllegalStateException">java.lang.IllegalStateException: Unable to find a @SpringBootConfiguration, you need to use @ContextConfiguration or @SpringBootTest(classes=...) with your test
</error>
    <system-out><![CDATA[20:38:48.513 [main] DEBUG org.springframework.test.context.BootstrapUtils - Instantiating CacheAwareContextLoaderDelegate from class [org.springframework.test.context.cache.DefaultCacheAwareContextLoaderDelegate]
20:38:48.545 [main] DEBUG org.springframework.test.context.BootstrapUtils - Instantiating BootstrapContext using constructor [public org.springframework.test.context.support.DefaultBootstrapContext(java.lang.Class,org.springframework.test.context.CacheAwareContextLoaderDelegate)]
20:38:48.607 [main] DEBUG org.springframework.test.context.BootstrapUtils - Instantiating TestContextBootstrapper for test class [com.tcy.smartai.service.dao.UserTest] from class [org.springframework.boot.test.context.SpringBootTestContextBootstrapper]
20:38:48.654 [main] INFO org.springframework.boot.test.context.SpringBootTestContextBootstrapper - Neither @ContextConfiguration nor @ContextHierarchy found for test class [com.tcy.smartai.service.dao.UserTest], using SpringBootContextLoader
20:38:48.654 [main] DEBUG org.springframework.test.context.support.AbstractContextLoader - Did not detect default resource location for test class [com.tcy.smartai.service.dao.UserTest]: class path resource [com/tcy/smartai/service/dao/UserTest-context.xml] does not exist
20:38:48.670 [main] DEBUG org.springframework.test.context.support.AbstractContextLoader - Did not detect default resource location for test class [com.tcy.smartai.service.dao.UserTest]: class path resource [com/tcy/smartai/service/dao/UserTestContext.groovy] does not exist
20:38:48.670 [main] INFO org.springframework.test.context.support.AbstractContextLoader - Could not detect default resource locations for test class [com.tcy.smartai.service.dao.UserTest]: no resource found for suffixes {-context.xml, Context.groovy}.
20:38:48.670 [main] INFO org.springframework.test.context.support.AnnotationConfigContextLoaderUtils - Could not detect default configuration classes for test class [com.tcy.smartai.service.dao.UserTest]: UserTest does not declare any static, non-private, non-final, nested classes annotated with @Configuration.
20:38:48.779 [main] DEBUG org.springframework.test.context.support.ActiveProfilesUtils - Could not find an 'annotation declaring class' for annotation type [org.springframework.test.context.ActiveProfiles] and class [com.tcy.smartai.service.dao.UserTest]
20:38:49.044 [main] DEBUG org.springframework.test.context.BootstrapUtils - Instantiating CacheAwareContextLoaderDelegate from class [org.springframework.test.context.cache.DefaultCacheAwareContextLoaderDelegate]
20:38:49.044 [main] DEBUG org.springframework.test.context.BootstrapUtils - Instantiating BootstrapContext using constructor [public org.springframework.test.context.support.DefaultBootstrapContext(java.lang.Class,org.springframework.test.context.CacheAwareContextLoaderDelegate)]
20:38:49.044 [main] DEBUG org.springframework.test.context.BootstrapUtils - Instantiating TestContextBootstrapper for test class [com.tcy.smartai.service.dao.UserTest] from class [org.springframework.boot.test.context.SpringBootTestContextBootstrapper]
20:38:49.044 [main] INFO org.springframework.boot.test.context.SpringBootTestContextBootstrapper - Neither @ContextConfiguration nor @ContextHierarchy found for test class [com.tcy.smartai.service.dao.UserTest], using SpringBootContextLoader
20:38:49.044 [main] DEBUG org.springframework.test.context.support.AbstractContextLoader - Did not detect default resource location for test class [com.tcy.smartai.service.dao.UserTest]: class path resource [com/tcy/smartai/service/dao/UserTest-context.xml] does not exist
20:38:49.044 [main] DEBUG org.springframework.test.context.support.AbstractContextLoader - Did not detect default resource location for test class [com.tcy.smartai.service.dao.UserTest]: class path resource [com/tcy/smartai/service/dao/UserTestContext.groovy] does not exist
20:38:49.044 [main] INFO org.springframework.test.context.support.AbstractContextLoader - Could not detect default resource locations for test class [com.tcy.smartai.service.dao.UserTest]: no resource found for suffixes {-context.xml, Context.groovy}.
20:38:49.044 [main] INFO org.springframework.test.context.support.AnnotationConfigContextLoaderUtils - Could not detect default configuration classes for test class [com.tcy.smartai.service.dao.UserTest]: UserTest does not declare any static, non-private, non-final, nested classes annotated with @Configuration.
20:38:49.060 [main] DEBUG org.springframework.test.context.support.ActiveProfilesUtils - Could not find an 'annotation declaring class' for annotation type [org.springframework.test.context.ActiveProfiles] and class [com.tcy.smartai.service.dao.UserTest]
20:38:49.154 [main] DEBUG org.springframework.test.context.BootstrapUtils - Instantiating CacheAwareContextLoaderDelegate from class [org.springframework.test.context.cache.DefaultCacheAwareContextLoaderDelegate]
20:38:49.185 [main] DEBUG org.springframework.test.context.BootstrapUtils - Instantiating BootstrapContext using constructor [public org.springframework.test.context.support.DefaultBootstrapContext(java.lang.Class,org.springframework.test.context.CacheAwareContextLoaderDelegate)]
20:38:49.185 [main] DEBUG org.springframework.test.context.BootstrapUtils - Instantiating TestContextBootstrapper for test class [com.tcy.smartai.service.dao.UserTest] from class [org.springframework.boot.test.context.SpringBootTestContextBootstrapper]
20:38:49.185 [main] INFO org.springframework.boot.test.context.SpringBootTestContextBootstrapper - Neither @ContextConfiguration nor @ContextHierarchy found for test class [com.tcy.smartai.service.dao.UserTest], using SpringBootContextLoader
20:38:49.185 [main] DEBUG org.springframework.test.context.support.AbstractContextLoader - Did not detect default resource location for test class [com.tcy.smartai.service.dao.UserTest]: class path resource [com/tcy/smartai/service/dao/UserTest-context.xml] does not exist
20:38:49.185 [main] DEBUG org.springframework.test.context.support.AbstractContextLoader - Did not detect default resource location for test class [com.tcy.smartai.service.dao.UserTest]: class path resource [com/tcy/smartai/service/dao/UserTestContext.groovy] does not exist
20:38:49.185 [main] INFO org.springframework.test.context.support.AbstractContextLoader - Could not detect default resource locations for test class [com.tcy.smartai.service.dao.UserTest]: no resource found for suffixes {-context.xml, Context.groovy}.
20:38:49.185 [main] INFO org.springframework.test.context.support.AnnotationConfigContextLoaderUtils - Could not detect default configuration classes for test class [com.tcy.smartai.service.dao.UserTest]: UserTest does not declare any static, non-private, non-final, nested classes annotated with @Configuration.
20:38:49.185 [main] DEBUG org.springframework.test.context.support.ActiveProfilesUtils - Could not find an 'annotation declaring class' for annotation type [org.springframework.test.context.ActiveProfiles] and class [com.tcy.smartai.service.dao.UserTest]
]]></system-out>
  </testcase>
</testsuite>